[2022-05-05 09:46:12Z INFO HostContext] No proxy settings were found based on environmental variables (http_proxy/https_proxy/HTTP_PROXY/HTTPS_PROXY)
[2022-05-05 09:46:12Z INFO HostContext] Well known directory 'Bin': 'C:\Users\callo\OneDrive\Desktop\PROFESSIONAL\AWS\Cloud_Resume_Project\actions-runner\bin'
[2022-05-05 09:46:12Z INFO HostContext] Well known directory 'Root': 'C:\Users\callo\OneDrive\Desktop\PROFESSIONAL\AWS\Cloud_Resume_Project\actions-runner'
[2022-05-05 09:46:12Z INFO HostContext] Well known config file 'Credentials': 'C:\Users\callo\OneDrive\Desktop\PROFESSIONAL\AWS\Cloud_Resume_Project\actions-runner\.credentials'
[2022-05-05 09:46:12Z INFO HostContext] Well known directory 'Bin': 'C:\Users\callo\OneDrive\Desktop\PROFESSIONAL\AWS\Cloud_Resume_Project\actions-runner\bin'
[2022-05-05 09:46:12Z INFO HostContext] Well known directory 'Root': 'C:\Users\callo\OneDrive\Desktop\PROFESSIONAL\AWS\Cloud_Resume_Project\actions-runner'
[2022-05-05 09:46:12Z INFO HostContext] Well known config file 'Runner': 'C:\Users\callo\OneDrive\Desktop\PROFESSIONAL\AWS\Cloud_Resume_Project\actions-runner\.runner'
[2022-05-05 09:46:12Z INFO Listener] Runner is built for Windows (X64) - win-x64.
[2022-05-05 09:46:12Z INFO Listener] RuntimeInformation: Microsoft Windows 10.0.19044.
[2022-05-05 09:46:12Z INFO Listener] Version: 2.291.1
[2022-05-05 09:46:12Z INFO Listener] Commit: 496ec0df97891bd8e50f4431d01874ac3ab75a93
[2022-05-05 09:46:12Z INFO Listener] Culture: en-AU
[2022-05-05 09:46:12Z INFO Listener] UI Culture: en-US
[2022-05-05 09:46:12Z INFO HostContext] Well known directory 'Bin': 'C:\Users\callo\OneDrive\Desktop\PROFESSIONAL\AWS\Cloud_Resume_Project\actions-runner\bin'
[2022-05-05 09:46:12Z INFO HostContext] Well known directory 'Root': 'C:\Users\callo\OneDrive\Desktop\PROFESSIONAL\AWS\Cloud_Resume_Project\actions-runner'
[2022-05-05 09:46:12Z INFO Listener] Validating directory permissions for: 'C:\Users\callo\OneDrive\Desktop\PROFESSIONAL\AWS\Cloud_Resume_Project\actions-runner'
[2022-05-05 09:46:12Z INFO CommandLineParser] Parse
[2022-05-05 09:46:12Z INFO CommandLineParser] Parsing 1 args
[2022-05-05 09:46:12Z INFO CommandLineParser] parsing argument
[2022-05-05 09:46:12Z INFO CommandLineParser] HasArgs: False
[2022-05-05 09:46:12Z INFO CommandLineParser] Adding Command: run
[2022-05-05 09:46:12Z INFO Listener] Arguments parsed
[2022-05-05 09:46:12Z INFO Runner] ExecuteCommand
[2022-05-05 09:46:12Z INFO ConfigurationStore] currentAssemblyLocation: C:\Users\callo\OneDrive\Desktop\PROFESSIONAL\AWS\Cloud_Resume_Project\actions-runner\bin\Runner.Listener.dll
[2022-05-05 09:46:12Z INFO HostContext] Well known directory 'Bin': 'C:\Users\callo\OneDrive\Desktop\PROFESSIONAL\AWS\Cloud_Resume_Project\actions-runner\bin'
[2022-05-05 09:46:12Z INFO ConfigurationStore] binPath: C:\Users\callo\OneDrive\Desktop\PROFESSIONAL\AWS\Cloud_Resume_Project\actions-runner\bin
[2022-05-05 09:46:12Z INFO HostContext] Well known directory 'Bin': 'C:\Users\callo\OneDrive\Desktop\PROFESSIONAL\AWS\Cloud_Resume_Project\actions-runner\bin'
[2022-05-05 09:46:12Z INFO HostContext] Well known directory 'Root': 'C:\Users\callo\OneDrive\Desktop\PROFESSIONAL\AWS\Cloud_Resume_Project\actions-runner'
[2022-05-05 09:46:12Z INFO ConfigurationStore] RootFolder: C:\Users\callo\OneDrive\Desktop\PROFESSIONAL\AWS\Cloud_Resume_Project\actions-runner
[2022-05-05 09:46:12Z INFO HostContext] Well known directory 'Bin': 'C:\Users\callo\OneDrive\Desktop\PROFESSIONAL\AWS\Cloud_Resume_Project\actions-runner\bin'
[2022-05-05 09:46:12Z INFO HostContext] Well known directory 'Root': 'C:\Users\callo\OneDrive\Desktop\PROFESSIONAL\AWS\Cloud_Resume_Project\actions-runner'
[2022-05-05 09:46:12Z INFO HostContext] Well known config file 'Runner': 'C:\Users\callo\OneDrive\Desktop\PROFESSIONAL\AWS\Cloud_Resume_Project\actions-runner\.runner'
[2022-05-05 09:46:12Z INFO ConfigurationStore] ConfigFilePath: C:\Users\callo\OneDrive\Desktop\PROFESSIONAL\AWS\Cloud_Resume_Project\actions-runner\.runner
[2022-05-05 09:46:12Z INFO HostContext] Well known directory 'Bin': 'C:\Users\callo\OneDrive\Desktop\PROFESSIONAL\AWS\Cloud_Resume_Project\actions-runner\bin'
[2022-05-05 09:46:12Z INFO HostContext] Well known directory 'Root': 'C:\Users\callo\OneDrive\Desktop\PROFESSIONAL\AWS\Cloud_Resume_Project\actions-runner'
[2022-05-05 09:46:12Z INFO HostContext] Well known config file 'Credentials': 'C:\Users\callo\OneDrive\Desktop\PROFESSIONAL\AWS\Cloud_Resume_Project\actions-runner\.credentials'
[2022-05-05 09:46:12Z INFO ConfigurationStore] CredFilePath: C:\Users\callo\OneDrive\Desktop\PROFESSIONAL\AWS\Cloud_Resume_Project\actions-runner\.credentials
[2022-05-05 09:46:12Z INFO HostContext] Well known directory 'Bin': 'C:\Users\callo\OneDrive\Desktop\PROFESSIONAL\AWS\Cloud_Resume_Project\actions-runner\bin'
[2022-05-05 09:46:12Z INFO HostContext] Well known directory 'Root': 'C:\Users\callo\OneDrive\Desktop\PROFESSIONAL\AWS\Cloud_Resume_Project\actions-runner'
[2022-05-05 09:46:12Z INFO HostContext] Well known config file 'MigratedCredentials': 'C:\Users\callo\OneDrive\Desktop\PROFESSIONAL\AWS\Cloud_Resume_Project\actions-runner\.credentials_migrated'
[2022-05-05 09:46:12Z INFO ConfigurationStore] MigratedCredFilePath: C:\Users\callo\OneDrive\Desktop\PROFESSIONAL\AWS\Cloud_Resume_Project\actions-runner\.credentials_migrated
[2022-05-05 09:46:12Z INFO HostContext] Well known directory 'Bin': 'C:\Users\callo\OneDrive\Desktop\PROFESSIONAL\AWS\Cloud_Resume_Project\actions-runner\bin'
[2022-05-05 09:46:12Z INFO HostContext] Well known directory 'Root': 'C:\Users\callo\OneDrive\Desktop\PROFESSIONAL\AWS\Cloud_Resume_Project\actions-runner'
[2022-05-05 09:46:12Z INFO HostContext] Well known config file 'Service': 'C:\Users\callo\OneDrive\Desktop\PROFESSIONAL\AWS\Cloud_Resume_Project\actions-runner\.service'
[2022-05-05 09:46:12Z INFO ConfigurationStore] ServiceConfigFilePath: C:\Users\callo\OneDrive\Desktop\PROFESSIONAL\AWS\Cloud_Resume_Project\actions-runner\.service
[2022-05-05 09:46:12Z INFO CommandSettings] Flag 'help': 'False'
[2022-05-05 09:46:12Z INFO CommandSettings] Flag 'version': 'False'
[2022-05-05 09:46:12Z INFO CommandSettings] Flag 'commit': 'False'
[2022-05-05 09:46:12Z INFO CommandSettings] Flag 'check': 'False'
[2022-05-05 09:46:12Z INFO CommandSettings] Command 'configure': 'False'
[2022-05-05 09:46:12Z INFO CommandSettings] Command 'remove': 'False'
[2022-05-05 09:46:12Z INFO CommandSettings] Command 'warmup': 'False'
[2022-05-05 09:46:12Z INFO ConfigurationManager] LoadSettings
[2022-05-05 09:46:12Z INFO ConfigurationStore] IsConfigured()
[2022-05-05 09:46:12Z INFO ConfigurationStore] IsConfigured: True
[2022-05-05 09:46:12Z INFO ConfigurationManager] Is configured: True
[2022-05-05 09:46:12Z INFO ConfigurationStore] Read setting file: 311 chars
[2022-05-05 09:46:12Z INFO ConfigurationManager] Settings Loaded
[2022-05-05 09:46:12Z INFO ConfigurationStore] IsServiceConfigured()
[2022-05-05 09:46:12Z INFO ConfigurationStore] IsServiceConfigured: False
[2022-05-05 09:46:12Z INFO CommandSettings] Command 'run': 'True'
[2022-05-05 09:46:12Z INFO ConfigurationStore] IsConfigured()
[2022-05-05 09:46:12Z INFO ConfigurationStore] IsConfigured: True
[2022-05-05 09:46:12Z INFO ConfigurationManager] Is configured: True
[2022-05-05 09:46:12Z INFO Runner] Could not parse the argument value '' for StartupType. Defaulting to Manual
[2022-05-05 09:46:12Z INFO Runner] Set runner startup type - Manual
[2022-05-05 09:46:12Z INFO CommandSettings] Flag 'once': 'False'
[2022-05-05 09:46:12Z INFO CommandSettings] Flag 'once': 'False'
[2022-05-05 09:46:12Z INFO Runner] RunAsync
[2022-05-05 09:46:12Z INFO ConfigurationManager] LoadSettings
[2022-05-05 09:46:12Z INFO ConfigurationStore] IsConfigured()
[2022-05-05 09:46:12Z INFO ConfigurationStore] IsConfigured: True
[2022-05-05 09:46:12Z INFO ConfigurationManager] Is configured: True
[2022-05-05 09:46:12Z INFO ConfigurationManager] Settings Loaded
[2022-05-05 09:46:12Z INFO MessageListener] {
  "AgentId": 21,
  "AgentName": "DESKTOP-501MQJR",
  "PoolId": 1,
  "PoolName": "Default",
  "ServerUrl": "https://pipelines.actions.githubusercontent.com/xuUY8wtpebLu9stT0i0tgX5vSK91y6sdfwF7JCScvM7wfmFDcu",
  "GitHubUrl": "https://github.com/Dev-Temmy/CloudResumeChallenge",
  "WorkFolder": "_work"
}
[2022-05-05 09:46:12Z INFO MessageListener] Loading Credentials
[2022-05-05 09:46:12Z INFO ConfigurationStore] HasCredentials()
[2022-05-05 09:46:12Z INFO ConfigurationStore] stored True
[2022-05-05 09:46:12Z INFO CredentialManager] GetCredentialProvider
[2022-05-05 09:46:12Z INFO CredentialManager] Creating type OAuth
[2022-05-05 09:46:12Z INFO CredentialManager] Creating credential type: OAuth
[2022-05-05 09:46:12Z INFO HostContext] Well known directory 'Bin': 'C:\Users\callo\OneDrive\Desktop\PROFESSIONAL\AWS\Cloud_Resume_Project\actions-runner\bin'
[2022-05-05 09:46:12Z INFO HostContext] Well known directory 'Root': 'C:\Users\callo\OneDrive\Desktop\PROFESSIONAL\AWS\Cloud_Resume_Project\actions-runner'
[2022-05-05 09:46:12Z INFO HostContext] Well known config file 'RSACredentials': 'C:\Users\callo\OneDrive\Desktop\PROFESSIONAL\AWS\Cloud_Resume_Project\actions-runner\.credentials_rsaparams'
[2022-05-05 09:46:12Z INFO RSAEncryptedFileKeyManager] Loading RSA key parameters from file C:\Users\callo\OneDrive\Desktop\PROFESSIONAL\AWS\Cloud_Resume_Project\actions-runner\.credentials_rsaparams
[2022-05-05 09:46:12Z INFO MessageListener] Attempt to create session.
[2022-05-05 09:46:12Z INFO MessageListener] Connecting to the Runner Server...
[2022-05-05 09:46:12Z INFO RunnerServer] Establish connection with 100 seconds timeout.
[2022-05-05 09:46:12Z INFO GitHubActionsService] Starting operation Location.GetConnectionData
[2022-05-05 09:46:12Z INFO RunnerServer] Establish connection with 60 seconds timeout.
[2022-05-05 09:46:12Z INFO GitHubActionsService] Starting operation Location.GetConnectionData
[2022-05-05 09:46:12Z INFO RunnerServer] Establish connection with 60 seconds timeout.
[2022-05-05 09:46:12Z INFO GitHubActionsService] Starting operation Location.GetConnectionData
[2022-05-05 09:46:13Z INFO GitHubActionsService] Finished operation Location.GetConnectionData
[2022-05-05 09:46:14Z INFO GitHubActionsService] Finished operation Location.GetConnectionData
[2022-05-05 09:46:14Z INFO GitHubActionsService] Finished operation Location.GetConnectionData
[2022-05-05 09:46:14Z INFO GitHubActionsService] Starting operation Location.GetConnectionData
[2022-05-05 09:46:14Z INFO GitHubActionsService] Finished operation Location.GetConnectionData
[2022-05-05 09:46:14Z INFO GitHubActionsService] Starting operation Location.GetConnectionData
[2022-05-05 09:46:14Z INFO GitHubActionsService] Finished operation Location.GetConnectionData
[2022-05-05 09:46:14Z INFO MessageListener] VssConnection created
[2022-05-05 09:46:14Z INFO Terminal] WRITE LINE: 
[2022-05-05 09:46:14Z INFO Terminal] WRITE LINE: 
[2022-05-05 09:46:15Z WARN GitHubActionsService] Authentication failed with status code 401.
Transfer-Encoding: chunked
WWW-Authenticate: Bearer
Strict-Transport-Security: max-age=2592000
X-TFS-ProcessId: 9475700a-6d62-4818-8b34-b36dcec357d3
ActivityId: d5c6a076-e1bb-464c-b6df-a7a8677092ac
X-TFS-Session: 203e6c4e-d30a-4b2b-abe9-39a696229084
X-VSS-E2EID: d56e7db7-fffc-44b8-9fca-9e19e10e5c41
X-VSS-SenderDeploymentId: 6074703f-c195-632a-bd61-21691fc86fa5
X-TFS-ServiceError: The+user+%27System%3aPublicAccess%3baaaaaaaa-aaaa-aaaa-aaaa-aaaaaaaaaaaa%27+is+not+authorized+to+access+this+resource.
X-VSS-S2STargetService: 0000005A-0000-8888-8000-000000000000/visualstudio.com
X-Cache: CONFIG_NOCACHE
X-MSEdge-Ref: Ref A: 5F359175B80C4B0086B073D750DD7ECC Ref B: MEL01EDGE1917 Ref C: 2022-05-05T09:46:14Z
Date: Thu, 05 May 2022 09:46:13 GMT

[2022-05-05 09:46:15Z INFO RSAEncryptedFileKeyManager] Loading RSA key parameters from file C:\Users\callo\OneDrive\Desktop\PROFESSIONAL\AWS\Cloud_Resume_Project\actions-runner\.credentials_rsaparams
[2022-05-05 09:46:15Z INFO RSAEncryptedFileKeyManager] Loading RSA key parameters from file C:\Users\callo\OneDrive\Desktop\PROFESSIONAL\AWS\Cloud_Resume_Project\actions-runner\.credentials_rsaparams
[2022-05-05 09:46:16Z INFO GitHubActionsService] AAD Correlation ID for this token request: Unknown
[2022-05-05 09:46:16Z INFO MessageListener] Session created.
[2022-05-05 09:46:16Z INFO Terminal] WRITE LINE: Current runner version: '2.291.1'
[2022-05-05 09:46:16Z INFO Terminal] WRITE LINE: 2022-05-05 09:46:16Z: Listening for Jobs
[2022-05-05 09:46:16Z INFO JobDispatcher] Set runner/worker IPC timeout to 30 seconds.
