[2022-05-05 09:42:11Z INFO HostContext] No proxy settings were found based on environmental variables (http_proxy/https_proxy/HTTP_PROXY/HTTPS_PROXY)
[2022-05-05 09:42:11Z INFO HostContext] Well known directory 'Bin': 'C:\Users\callo\OneDrive\Desktop\PROFESSIONAL\AWS\Cloud_Resume_Project\actions-runner\bin'
[2022-05-05 09:42:11Z INFO HostContext] Well known directory 'Root': 'C:\Users\callo\OneDrive\Desktop\PROFESSIONAL\AWS\Cloud_Resume_Project\actions-runner'
[2022-05-05 09:42:11Z INFO HostContext] Well known config file 'Credentials': 'C:\Users\callo\OneDrive\Desktop\PROFESSIONAL\AWS\Cloud_Resume_Project\actions-runner\.credentials'
[2022-05-05 09:42:11Z INFO HostContext] Well known directory 'Bin': 'C:\Users\callo\OneDrive\Desktop\PROFESSIONAL\AWS\Cloud_Resume_Project\actions-runner\bin'
[2022-05-05 09:42:11Z INFO HostContext] Well known directory 'Root': 'C:\Users\callo\OneDrive\Desktop\PROFESSIONAL\AWS\Cloud_Resume_Project\actions-runner'
[2022-05-05 09:42:11Z INFO HostContext] Well known config file 'Runner': 'C:\Users\callo\OneDrive\Desktop\PROFESSIONAL\AWS\Cloud_Resume_Project\actions-runner\.runner'
[2022-05-05 09:42:11Z INFO Listener] Runner is built for Windows (X64) - win-x64.
[2022-05-05 09:42:11Z INFO Listener] RuntimeInformation: Microsoft Windows 10.0.19044.
[2022-05-05 09:42:11Z INFO Listener] Version: 2.291.1
[2022-05-05 09:42:11Z INFO Listener] Commit: 496ec0df97891bd8e50f4431d01874ac3ab75a93
[2022-05-05 09:42:11Z INFO Listener] Culture: en-AU
[2022-05-05 09:42:11Z INFO Listener] UI Culture: en-US
[2022-05-05 09:42:11Z INFO HostContext] Well known directory 'Bin': 'C:\Users\callo\OneDrive\Desktop\PROFESSIONAL\AWS\Cloud_Resume_Project\actions-runner\bin'
[2022-05-05 09:42:11Z INFO HostContext] Well known directory 'Root': 'C:\Users\callo\OneDrive\Desktop\PROFESSIONAL\AWS\Cloud_Resume_Project\actions-runner'
[2022-05-05 09:42:11Z INFO Listener] Validating directory permissions for: 'C:\Users\callo\OneDrive\Desktop\PROFESSIONAL\AWS\Cloud_Resume_Project\actions-runner'
[2022-05-05 09:42:11Z INFO CommandLineParser] Parse
[2022-05-05 09:42:11Z INFO CommandLineParser] Parsing 5 args
[2022-05-05 09:42:11Z INFO CommandLineParser] parsing argument
[2022-05-05 09:42:11Z INFO CommandLineParser] HasArgs: False
[2022-05-05 09:42:11Z INFO CommandLineParser] Adding Command: configure
[2022-05-05 09:42:11Z INFO CommandLineParser] parsing argument
[2022-05-05 09:42:11Z INFO CommandLineParser] HasArgs: True
[2022-05-05 09:42:11Z INFO CommandLineParser] arg: url
[2022-05-05 09:42:11Z INFO CommandLineParser] parsing argument
[2022-05-05 09:42:11Z INFO CommandLineParser] HasArgs: True
[2022-05-05 09:42:11Z INFO CommandLineParser] Adding option 'url': 'https://github.com/Dev-Temmy/CloudResumeChallenge'
[2022-05-05 09:42:11Z INFO CommandLineParser] parsing argument
[2022-05-05 09:42:11Z INFO CommandLineParser] HasArgs: True
[2022-05-05 09:42:11Z INFO CommandLineParser] arg: token
[2022-05-05 09:42:11Z INFO CommandLineParser] parsing argument
[2022-05-05 09:42:11Z INFO CommandLineParser] HasArgs: True
[2022-05-05 09:42:11Z INFO CommandLineParser] Adding option 'token': '***'
[2022-05-05 09:42:11Z INFO Listener] Arguments parsed
[2022-05-05 09:42:11Z INFO Runner] ExecuteCommand
[2022-05-05 09:42:11Z INFO ConfigurationStore] currentAssemblyLocation: C:\Users\callo\OneDrive\Desktop\PROFESSIONAL\AWS\Cloud_Resume_Project\actions-runner\bin\Runner.Listener.dll
[2022-05-05 09:42:11Z INFO HostContext] Well known directory 'Bin': 'C:\Users\callo\OneDrive\Desktop\PROFESSIONAL\AWS\Cloud_Resume_Project\actions-runner\bin'
[2022-05-05 09:42:11Z INFO ConfigurationStore] binPath: C:\Users\callo\OneDrive\Desktop\PROFESSIONAL\AWS\Cloud_Resume_Project\actions-runner\bin
[2022-05-05 09:42:11Z INFO HostContext] Well known directory 'Bin': 'C:\Users\callo\OneDrive\Desktop\PROFESSIONAL\AWS\Cloud_Resume_Project\actions-runner\bin'
[2022-05-05 09:42:11Z INFO HostContext] Well known directory 'Root': 'C:\Users\callo\OneDrive\Desktop\PROFESSIONAL\AWS\Cloud_Resume_Project\actions-runner'
[2022-05-05 09:42:11Z INFO ConfigurationStore] RootFolder: C:\Users\callo\OneDrive\Desktop\PROFESSIONAL\AWS\Cloud_Resume_Project\actions-runner
[2022-05-05 09:42:11Z INFO HostContext] Well known directory 'Bin': 'C:\Users\callo\OneDrive\Desktop\PROFESSIONAL\AWS\Cloud_Resume_Project\actions-runner\bin'
[2022-05-05 09:42:11Z INFO HostContext] Well known directory 'Root': 'C:\Users\callo\OneDrive\Desktop\PROFESSIONAL\AWS\Cloud_Resume_Project\actions-runner'
[2022-05-05 09:42:11Z INFO HostContext] Well known config file 'Runner': 'C:\Users\callo\OneDrive\Desktop\PROFESSIONAL\AWS\Cloud_Resume_Project\actions-runner\.runner'
[2022-05-05 09:42:11Z INFO ConfigurationStore] ConfigFilePath: C:\Users\callo\OneDrive\Desktop\PROFESSIONAL\AWS\Cloud_Resume_Project\actions-runner\.runner
[2022-05-05 09:42:11Z INFO HostContext] Well known directory 'Bin': 'C:\Users\callo\OneDrive\Desktop\PROFESSIONAL\AWS\Cloud_Resume_Project\actions-runner\bin'
[2022-05-05 09:42:11Z INFO HostContext] Well known directory 'Root': 'C:\Users\callo\OneDrive\Desktop\PROFESSIONAL\AWS\Cloud_Resume_Project\actions-runner'
[2022-05-05 09:42:11Z INFO HostContext] Well known config file 'Credentials': 'C:\Users\callo\OneDrive\Desktop\PROFESSIONAL\AWS\Cloud_Resume_Project\actions-runner\.credentials'
[2022-05-05 09:42:11Z INFO ConfigurationStore] CredFilePath: C:\Users\callo\OneDrive\Desktop\PROFESSIONAL\AWS\Cloud_Resume_Project\actions-runner\.credentials
[2022-05-05 09:42:11Z INFO HostContext] Well known directory 'Bin': 'C:\Users\callo\OneDrive\Desktop\PROFESSIONAL\AWS\Cloud_Resume_Project\actions-runner\bin'
[2022-05-05 09:42:11Z INFO HostContext] Well known directory 'Root': 'C:\Users\callo\OneDrive\Desktop\PROFESSIONAL\AWS\Cloud_Resume_Project\actions-runner'
[2022-05-05 09:42:11Z INFO HostContext] Well known config file 'MigratedCredentials': 'C:\Users\callo\OneDrive\Desktop\PROFESSIONAL\AWS\Cloud_Resume_Project\actions-runner\.credentials_migrated'
[2022-05-05 09:42:11Z INFO ConfigurationStore] MigratedCredFilePath: C:\Users\callo\OneDrive\Desktop\PROFESSIONAL\AWS\Cloud_Resume_Project\actions-runner\.credentials_migrated
[2022-05-05 09:42:11Z INFO HostContext] Well known directory 'Bin': 'C:\Users\callo\OneDrive\Desktop\PROFESSIONAL\AWS\Cloud_Resume_Project\actions-runner\bin'
[2022-05-05 09:42:11Z INFO HostContext] Well known directory 'Root': 'C:\Users\callo\OneDrive\Desktop\PROFESSIONAL\AWS\Cloud_Resume_Project\actions-runner'
[2022-05-05 09:42:11Z INFO HostContext] Well known config file 'Service': 'C:\Users\callo\OneDrive\Desktop\PROFESSIONAL\AWS\Cloud_Resume_Project\actions-runner\.service'
[2022-05-05 09:42:11Z INFO ConfigurationStore] ServiceConfigFilePath: C:\Users\callo\OneDrive\Desktop\PROFESSIONAL\AWS\Cloud_Resume_Project\actions-runner\.service
[2022-05-05 09:42:11Z INFO CommandSettings] Flag 'help': 'False'
[2022-05-05 09:42:11Z INFO CommandSettings] Flag 'version': 'False'
[2022-05-05 09:42:11Z INFO CommandSettings] Flag 'commit': 'False'
[2022-05-05 09:42:11Z INFO CommandSettings] Flag 'check': 'False'
[2022-05-05 09:42:11Z INFO CommandSettings] Command 'configure': 'True'
[2022-05-05 09:42:11Z INFO Terminal] WRITE LINE: 
[2022-05-05 09:42:11Z INFO Terminal] WRITE LINE: --------------------------------------------------------------------------------
[2022-05-05 09:42:11Z INFO Terminal] WRITE LINE: |        ____ _ _   _   _       _          _        _   _                      |
[2022-05-05 09:42:11Z INFO Terminal] WRITE LINE: |       / ___(_) |_| | | |_   _| |__      / \   ___| |_(_) ___  _ __  ___      |
[2022-05-05 09:42:11Z INFO Terminal] WRITE LINE: |      | |  _| | __| |_| | | | | '_ \    / _ \ / __| __| |/ _ \| '_ \/ __|     |
[2022-05-05 09:42:11Z INFO Terminal] WRITE LINE: |      | |_| | | |_|  _  | |_| | |_) |  / ___ \ (__| |_| | (_) | | | \__ \     |
[2022-05-05 09:42:11Z INFO Terminal] WRITE LINE: |       \____|_|\__|_| |_|\__,_|_.__/  /_/   \_\___|\__|_|\___/|_| |_|___/     |
[2022-05-05 09:42:11Z INFO Terminal] WRITE LINE: |                                                                              |
[2022-05-05 09:42:11Z INFO Terminal] WRITE: |                       
[2022-05-05 09:42:11Z INFO Terminal] WRITE: Self-hosted runner registration
[2022-05-05 09:42:11Z INFO Terminal] WRITE LINE:                         |
[2022-05-05 09:42:11Z INFO Terminal] WRITE LINE: |                                                                              |
[2022-05-05 09:42:11Z INFO Terminal] WRITE LINE: --------------------------------------------------------------------------------
[2022-05-05 09:42:11Z INFO ConfigurationManager] ConfigureAsync
[2022-05-05 09:42:11Z INFO ConfigurationStore] IsConfigured()
[2022-05-05 09:42:11Z INFO ConfigurationStore] IsConfigured: False
[2022-05-05 09:42:11Z INFO ConfigurationManager] Is configured: False
[2022-05-05 09:42:11Z INFO CommandSettings] Arg 'url': 'https://github.com/Dev-Temmy/CloudResumeChallenge'
[2022-05-05 09:42:11Z INFO CommandSettings] Remove url from Arg dictionary.
[2022-05-05 09:42:11Z INFO CommandSettings] Arg 'token': '***'
[2022-05-05 09:42:11Z INFO CommandSettings] Remove token from Arg dictionary.
[2022-05-05 09:42:13Z INFO ConfigurationManager] Http response code: OK from 'POST https://api.github.com/actions/runner-registration'
[2022-05-05 09:42:14Z INFO ConfigurationManager] cred retrieved via GitHub auth
[2022-05-05 09:42:14Z INFO RunnerServer] Establish connection with 100 seconds timeout.
[2022-05-05 09:42:14Z INFO GitHubActionsService] Starting operation Location.GetConnectionData
[2022-05-05 09:42:14Z INFO RunnerServer] Establish connection with 60 seconds timeout.
[2022-05-05 09:42:14Z INFO GitHubActionsService] Starting operation Location.GetConnectionData
[2022-05-05 09:42:14Z INFO RunnerServer] Establish connection with 60 seconds timeout.
[2022-05-05 09:42:14Z INFO GitHubActionsService] Starting operation Location.GetConnectionData
[2022-05-05 09:42:15Z INFO GitHubActionsService] Finished operation Location.GetConnectionData
[2022-05-05 09:42:15Z INFO GitHubActionsService] Finished operation Location.GetConnectionData
[2022-05-05 09:42:15Z INFO GitHubActionsService] Finished operation Location.GetConnectionData
[2022-05-05 09:42:15Z INFO Terminal] WRITE LINE: 
[2022-05-05 09:42:15Z INFO ConfigurationManager] Test Connection complete.
[2022-05-05 09:42:15Z INFO HostContext] Well known directory 'Bin': 'C:\Users\callo\OneDrive\Desktop\PROFESSIONAL\AWS\Cloud_Resume_Project\actions-runner\bin'
[2022-05-05 09:42:15Z INFO HostContext] Well known directory 'Root': 'C:\Users\callo\OneDrive\Desktop\PROFESSIONAL\AWS\Cloud_Resume_Project\actions-runner'
[2022-05-05 09:42:15Z INFO HostContext] Well known config file 'RSACredentials': 'C:\Users\callo\OneDrive\Desktop\PROFESSIONAL\AWS\Cloud_Resume_Project\actions-runner\.credentials_rsaparams'
[2022-05-05 09:42:15Z INFO RSAEncryptedFileKeyManager] Creating new RSA key using 2048-bit key length
[2022-05-05 09:42:16Z INFO RSAEncryptedFileKeyManager] Successfully saved RSA key parameters to file C:\Users\callo\OneDrive\Desktop\PROFESSIONAL\AWS\Cloud_Resume_Project\actions-runner\.credentials_rsaparams
[2022-05-05 09:42:16Z INFO CommandSettings] Arg 'runnergroup': ''
[2022-05-05 09:42:16Z INFO CommandSettings] Flag 'unattended': 'False'
[2022-05-05 09:42:16Z INFO PromptManager] ReadValue
[2022-05-05 09:42:16Z INFO Terminal] WRITE: Enter the name of the runner group to add this runner to: 
[2022-05-05 09:42:16Z INFO Terminal] WRITE: [press Enter for Default] 
[2022-05-05 09:42:16Z INFO Terminal] READ LINE
[2022-05-05 09:42:42Z INFO Terminal] Read value: ''
[2022-05-05 09:42:42Z INFO PromptManager] Falling back to the default: 'Default'
[2022-05-05 09:42:42Z INFO Terminal] WRITE LINE: 
[2022-05-05 09:42:42Z INFO ConfigurationManager] Found a self-hosted runner group with id 1 and name Default
[2022-05-05 09:42:42Z INFO CommandSettings] Flag 'disableupdate': 'False'
[2022-05-05 09:42:42Z INFO CommandSettings] Flag 'ephemeral': 'False'
[2022-05-05 09:42:42Z INFO CommandSettings] Arg 'name': ''
[2022-05-05 09:42:42Z INFO CommandSettings] Flag 'unattended': 'False'
[2022-05-05 09:42:42Z INFO PromptManager] ReadValue
[2022-05-05 09:42:42Z INFO Terminal] WRITE: Enter the name of runner: 
[2022-05-05 09:42:42Z INFO Terminal] WRITE: [press Enter for DESKTOP-501MQJR] 
[2022-05-05 09:42:42Z INFO Terminal] READ LINE
[2022-05-05 09:42:44Z INFO Terminal] Read value: ''
[2022-05-05 09:42:44Z INFO PromptManager] Falling back to the default: 'DESKTOP-501MQJR'
[2022-05-05 09:42:44Z INFO Terminal] WRITE LINE: 
[2022-05-05 09:42:44Z INFO CommandSettings] Arg 'labels': ''
[2022-05-05 09:42:44Z INFO CommandSettings] Flag 'unattended': 'False'
[2022-05-05 09:42:44Z INFO PromptManager] ReadValue
[2022-05-05 09:42:44Z INFO Terminal] WRITE: This runner will have the following labels: 'self-hosted', 'Windows', 'X64' 
Enter any additional labels (ex. label-1,label-2): 
[2022-05-05 09:42:44Z INFO Terminal] WRITE: [press Enter to skip] 
[2022-05-05 09:42:44Z INFO Terminal] READ LINE
[2022-05-05 09:42:50Z INFO Terminal] Read value: ''
[2022-05-05 09:42:50Z INFO Terminal] WRITE LINE: 
[2022-05-05 09:42:51Z INFO CommandSettings] Flag 'disableupdate': 'False'
[2022-05-05 09:42:51Z INFO CommandSettings] Flag 'disableupdate': 'False'
[2022-05-05 09:42:51Z INFO CommandSettings] Flag 'ephemeral': 'False'
[2022-05-05 09:42:51Z INFO ConfigurationStore] Saving OAuth credential @ C:\Users\callo\OneDrive\Desktop\PROFESSIONAL\AWS\Cloud_Resume_Project\actions-runner\.credentials
[2022-05-05 09:42:51Z INFO ConfigurationStore] Credentials Saved.
[2022-05-05 09:42:51Z INFO ConfigurationStore] HasCredentials()
[2022-05-05 09:42:51Z INFO ConfigurationStore] stored True
[2022-05-05 09:42:51Z INFO CredentialManager] GetCredentialProvider
[2022-05-05 09:42:51Z INFO CredentialManager] Creating type OAuth
[2022-05-05 09:42:51Z INFO CredentialManager] Creating credential type: OAuth
[2022-05-05 09:42:51Z INFO RSAEncryptedFileKeyManager] Loading RSA key parameters from file C:\Users\callo\OneDrive\Desktop\PROFESSIONAL\AWS\Cloud_Resume_Project\actions-runner\.credentials_rsaparams
[2022-05-05 09:42:51Z INFO RunnerServer] Establish connection with 100 seconds timeout.
[2022-05-05 09:42:51Z INFO GitHubActionsService] Starting operation Location.GetConnectionData
[2022-05-05 09:42:51Z INFO RunnerServer] Establish connection with 60 seconds timeout.
[2022-05-05 09:42:51Z INFO GitHubActionsService] Starting operation Location.GetConnectionData
[2022-05-05 09:42:51Z INFO RunnerServer] Establish connection with 60 seconds timeout.
[2022-05-05 09:42:51Z INFO GitHubActionsService] Starting operation Location.GetConnectionData
[2022-05-05 09:42:52Z INFO GitHubActionsService] Finished operation Location.GetConnectionData
[2022-05-05 09:42:52Z INFO GitHubActionsService] Finished operation Location.GetConnectionData
[2022-05-05 09:42:52Z INFO GitHubActionsService] Finished operation Location.GetConnectionData
[2022-05-05 09:42:52Z INFO GitHubActionsService] Starting operation Location.GetConnectionData
[2022-05-05 09:42:52Z INFO GitHubActionsService] Finished operation Location.GetConnectionData
[2022-05-05 09:42:52Z INFO GitHubActionsService] Starting operation Location.GetConnectionData
[2022-05-05 09:42:53Z INFO GitHubActionsService] Finished operation Location.GetConnectionData
[2022-05-05 09:42:53Z INFO GitHubActionsService] Starting operation Location.GetConnectionData
[2022-05-05 09:42:53Z INFO GitHubActionsService] Finished operation Location.GetConnectionData
[2022-05-05 09:42:53Z WARN GitHubActionsService] Authentication failed with status code 401.
Transfer-Encoding: chunked
WWW-Authenticate: Bearer
Strict-Transport-Security: max-age=2592000
X-TFS-ProcessId: 0ef466f9-07e9-49a6-81b5-f094f82fc5cb
ActivityId: 152bc89d-7337-483b-bf9a-f03591bb5312
X-TFS-Session: 25ddea1c-cf79-4925-a31e-e19db9a9a538
X-VSS-E2EID: 3e1aa51a-7459-42e7-a9c3-4639f53ea9e4
X-VSS-SenderDeploymentId: 6074703f-c195-632a-bd61-21691fc86fa5
X-TFS-ServiceError: The+user+%27System%3aPublicAccess%3baaaaaaaa-aaaa-aaaa-aaaa-aaaaaaaaaaaa%27+is+not+authorized+to+access+this+resource.
X-VSS-S2STargetService: 0000005A-0000-8888-8000-000000000000/visualstudio.com
X-Cache: CONFIG_NOCACHE
X-MSEdge-Ref: Ref A: 35EA645561B24EF4A28C07E6F65B1962 Ref B: MEL01EDGE1011 Ref C: 2022-05-05T09:42:52Z
Date: Thu, 05 May 2022 09:42:52 GMT

[2022-05-05 09:42:53Z INFO RSAEncryptedFileKeyManager] Loading RSA key parameters from file C:\Users\callo\OneDrive\Desktop\PROFESSIONAL\AWS\Cloud_Resume_Project\actions-runner\.credentials_rsaparams
[2022-05-05 09:42:53Z INFO RSAEncryptedFileKeyManager] Loading RSA key parameters from file C:\Users\callo\OneDrive\Desktop\PROFESSIONAL\AWS\Cloud_Resume_Project\actions-runner\.credentials_rsaparams
[2022-05-05 09:42:54Z INFO GitHubActionsService] AAD Correlation ID for this token request: Unknown
[2022-05-05 09:42:55Z INFO CommandSettings] Arg 'work': ''
[2022-05-05 09:42:55Z INFO CommandSettings] Flag 'unattended': 'False'
[2022-05-05 09:42:55Z INFO PromptManager] ReadValue
[2022-05-05 09:42:55Z INFO Terminal] WRITE: Enter name of work folder: 
[2022-05-05 09:42:55Z INFO Terminal] WRITE: [press Enter for _work] 
[2022-05-05 09:42:55Z INFO Terminal] READ LINE
[2022-05-05 09:44:08Z INFO Terminal] Read value: ''
[2022-05-05 09:44:08Z INFO PromptManager] Falling back to the default: '_work'
[2022-05-05 09:44:08Z INFO ConfigurationStore] Saving runner settings.
[2022-05-05 09:44:08Z INFO ConfigurationStore] Settings Saved.
[2022-05-05 09:44:08Z INFO Terminal] WRITE LINE: 
[2022-05-05 09:44:08Z INFO Terminal] WRITE LINE: 
[2022-05-05 09:44:08Z INFO CommandSettings] Flag 'runasservice': 'False'
[2022-05-05 09:44:08Z INFO CommandSettings] Flag 'unattended': 'False'
[2022-05-05 09:44:08Z INFO PromptManager] ReadValue
[2022-05-05 09:44:08Z INFO Terminal] WRITE: Would you like to run the runner as service? (Y/N) 
[2022-05-05 09:44:08Z INFO Terminal] WRITE: [press Enter for N] 
[2022-05-05 09:44:08Z INFO Terminal] READ LINE
[2022-05-05 09:45:11Z INFO Terminal] Read value: 'Y'
[2022-05-05 09:45:11Z INFO ConfigurationManager] Configuring to run the agent as service
[2022-05-05 09:45:11Z ERR  WindowsServiceControlManager] Needs Administrator privileges for configure runner as windows service.
[2022-05-05 09:45:11Z ERR  Runner] System.Security.SecurityException: Needs Administrator privileges for configuring runner as windows service.
   at GitHub.Runner.Listener.Configuration.WindowsServiceControlManager.ConfigureService(RunnerSettings settings, CommandSettings command)
   at GitHub.Runner.Listener.Configuration.ConfigurationManager.ConfigureAsync(CommandSettings command)
   at GitHub.Runner.Listener.Runner.ExecuteCommand(CommandSettings command)
[2022-05-05 09:45:11Z ERR  Terminal] WRITE ERROR: Needs Administrator privileges for configuring runner as windows service.
[2022-05-05 09:45:11Z INFO Listener] Runner execution has finished with return code 1
